<?xml version="1.0" encoding="UTF-8"?>
<!-- Generated by org.testng.reporters.JUnitReportReporter -->
<testsuite hostname="USHYDPABTTA01" failures="0" tests="1" name="testNG.day2" time="0.001" errors="0" timestamp="2024-09-09T18:29:26 IST" skipped="0">
  <testcase classname="testNG.day2" name="ploan" time="0.001"/>
</testsuite> <!-- testNG.day2 -->
