<?xml version="1.0" encoding="UTF-8"?>
<!-- Generated by org.testng.reporters.JUnitReportReporter -->
<testsuite hostname="USHYDPABTTA01" failures="0" tests="6" name="testNG.day3" time="0.015" errors="0" timestamp="2024-09-09T18:29:26 IST" skipped="1">
  <testcase classname="testNG.day3" name="MobilesignoutcarLoan" time="0.002"/>
  <testcase classname="testNG.day3" name="MobilesignoutcarLoan" time="0.002"/>
  <testcase classname="testNG.day3" name="MobileLogincarLoan" time="0.006"/>
  <testcase classname="testNG.day3" name="MobilesignoutcarLoan" time="0.002"/>
  <testcase classname="testNG.day3" name="WebloginCarLoan" time="0.003"/>
  <testcase classname="testNG.day3" name="MobilesignimcarLoan">
    <skipped/>
  </testcase> <!-- MobilesignimcarLoan -->
</testsuite> <!-- testNG.day3 -->
