<?xml version="1.0" encoding="UTF-8"?>
<!-- Generated by org.testng.reporters.JUnitReportReporter -->
<testsuite hostname="USHYDPABTTA01" failures="0" tests="3" name="testNG.day4" time="0.003" errors="0" timestamp="2024-09-09T18:29:26 IST" skipped="0">
  <testcase classname="testNG.day4" name="MobileLoginHomeLoan" time="0.001"/>
  <testcase classname="testNG.day4" name="LoginAPIHomeLoan" time="0.001"/>
  <testcase classname="testNG.day4" name="WebloginHomeLoan" time="0.001"/>
</testsuite> <!-- testNG.day4 -->
